<?xml version="1.0" encoding="UTF-8"?>
<testsuite xmlns:xsi="http://www.w3.org/2001/XMLSchema-instance" xsi:noNamespaceSchemaLocation="https://maven.apache.org/surefire/maven-surefire-plugin/xsd/surefire-test-report-3.0.xsd" version="3.0" name="com.example.EMS.repository.EMSRepositoryTest" time="0.368" tests="2" errors="0" skipped="0" failures="0">
  <properties>
[...]
</properties>
  <testcase name="testFindById" classname="com.example.EMS.repository.EMSRepositoryTest" time="0.118">
    <system-out><![CDATA[2024-02-07T10:21:09.643+05:30  INFO 21404 --- [           main] t.c.s.AnnotationConfigContextLoaderUtils : Could not detect default configuration classes for test class [com.example.EMS.repository.EMSRepositoryTest]: EMSRepositoryTest does not declare any static, non-private, non-final, nested classes annotated with @Configuration.
2024-02-07T10:21:09.670+05:30  INFO 21404 --- [           main] .b.t.c.SpringBootTestContextBootstrapper : Found @SpringBootConfiguration com.example.EMS.EmsApplication for test class com.example.EMS.repository.EMSRepositoryTest

  .   ____          _            __ _ _
 /\\ / ___'_ __ _ _(_)_ __  __ _ \ \ \ \
( ( )\___ | '_ | '_| | '_ \/ _` | \ \ \ \
 \\/  ___)| |_)| | | | | || (_| |  ) ) ) )
  '  |____| .__|_| |_|_| |_\__, | / / / /
 =========|_|==============|___/=/_/_/_/
 :: Spring Boot ::                (v3.2.2)

2024-02-07T10:21:09.695+05:30  INFO 21404 --- [           main] c.e.EMS.repository.EMSRepositoryTest     : Starting EMSRepositoryTest using Java 21.0.1 with PID 21404 (started by rdb in C:\Users\rdb\OneDrive - Software AG\Desktop\safe\Project\BackEnd\EMS)
2024-02-07T10:21:09.695+05:30  INFO 21404 --- [           main] c.e.EMS.repository.EMSRepositoryTest     : No active profile set, falling back to 1 default profile: "default"
2024-02-07T10:21:09.742+05:30  INFO 21404 --- [           main] .s.d.r.c.RepositoryConfigurationDelegate : Bootstrapping Spring Data Elasticsearch repositories in DEFAULT mode.
2024-02-07T10:21:09.748+05:30  INFO 21404 --- [           main] .s.d.r.c.RepositoryConfigurationDelegate : Finished Spring Data repository scanning in 5 ms. Found 2 Elasticsearch repository interfaces.
2024-02-07T10:21:09.748+05:30  INFO 21404 --- [           main] .s.d.r.c.RepositoryConfigurationDelegate : Bootstrapping Spring Data Reactive Elasticsearch repositories in DEFAULT mode.
2024-02-07T10:21:09.750+05:30  INFO 21404 --- [           main] .s.d.r.c.RepositoryConfigurationDelegate : Finished Spring Data repository scanning in 1 ms. Found 0 Reactive Elasticsearch repository interfaces.
2024-02-07T10:21:09.812+05:30  INFO 21404 --- [           main] c.e.EMS.repository.EMSRepositoryTest     : Started EMSRepositoryTest in 0.138 seconds (process running for 3.636)
testFindById successful!
]]></system-out>
  </testcase>
  <testcase name="testUpdateEmployee" classname="com.example.EMS.repository.EMSRepositoryTest" time="0.075">
    <system-out><![CDATA[testUpdateEmployee successful!
]]></system-out>
  </testcase>
</testsuite>